[2021-10-18 17:32:58] local.INFO: Detected N+1 Query  
[2021-10-18 17:32:58] local.INFO: Model: App\Models\Post
Relation: princ
Num-Called: 9
Call-Stack:
#18 \storage\framework\views\239748af64f88c6a108984dd14d0360129ad6084.php:109
#20 \vendor\laravel\framework\src\Illuminate\Filesystem\Filesystem.php:108
#21 \vendor\laravel\framework\src\Illuminate\View\Engines\PhpEngine.php:58
#22 \vendor\livewire\livewire\src\ComponentConcerns\RendersLivewireComponents.php:35
#23 \vendor\laravel\framework\src\Illuminate\View\Engines\CompilerEngine.php:61
#24 \vendor\facade\ignition\src\Views\Engines\CompilerEngine.php:37
#25 \vendor\laravel\framework\src\Illuminate\View\View.php:139
#26 \vendor\laravel\framework\src\Illuminate\View\View.php:122
#27 \vendor\laravel\framework\src\Illuminate\View\View.php:91
#28 \vendor\laravel\framework\src\Illuminate\Http\Response.php:69
#29 \vendor\laravel\framework\src\Illuminate\Http\Response.php:35
#30 \vendor\laravel\framework\src\Illuminate\Routing\Router.php:791
#31 \vendor\laravel\framework\src\Illuminate\Routing\Router.php:761
#32 \vendor\laravel\framework\src\Illuminate\Routing\Router.php:695
#33 \vendor\laravel\framework\src\Illuminate\Pipeline\Pipeline.php:128
#34 \vendor\laravel\framework\src\Illuminate\Routing\Middleware\SubstituteBindings.php:50
#35 \vendor\laravel\framework\src\Illuminate\Pipeline\Pipeline.php:167
#36 \vendor\laravel\framework\src\Illuminate\Foundation\Http\Middleware\VerifyCsrfToken.php:78
#37 \vendor\laravel\framework\src\Illuminate\Pipeline\Pipeline.php:167
#38 \vendor\laravel\framework\src\Illuminate\Session\Middleware\AuthenticateSession.php:58
#39 \vendor\laravel\framework\src\Illuminate\Pipeline\Pipeline.php:167
#40 \vendor\laravel\framework\src\Illuminate\View\Middleware\ShareErrorsFromSession.php:49
#41 \vendor\laravel\framework\src\Illuminate\Pipeline\Pipeline.php:167
#42 \vendor\laravel\framework\src\Illuminate\Session\Middleware\StartSession.php:121
#43 \vendor\laravel\framework\src\Illuminate\Session\Middleware\StartSession.php:64
#44 \vendor\laravel\framework\src\Illuminate\Pipeline\Pipeline.php:167
#45 \vendor\laravel\framework\src\Illuminate\Cookie\Middleware\AddQueuedCookiesToResponse.php:37
#46 \vendor\laravel\framework\src\Illuminate\Pipeline\Pipeline.php:167
#47 \vendor\laravel\framework\src\Illuminate\Cookie\Middleware\EncryptCookies.php:67
#48 \vendor\laravel\framework\src\Illuminate\Pipeline\Pipeline.php:167
#49 \vendor\laravel\framework\src\Illuminate\Pipeline\Pipeline.php:103
  
[2021-10-18 17:33:54] local.INFO: Detected N+1 Query  
[2021-10-18 17:33:54] local.INFO: Model: App\Models\Post
Relation: princ
Num-Called: 9
Call-Stack:
#18 \storage\framework\views\239748af64f88c6a108984dd14d0360129ad6084.php:109
#20 \vendor\laravel\framework\src\Illuminate\Filesystem\Filesystem.php:108
#21 \vendor\laravel\framework\src\Illuminate\View\Engines\PhpEngine.php:58
#22 \vendor\livewire\livewire\src\ComponentConcerns\RendersLivewireComponents.php:35
#23 \vendor\laravel\framework\src\Illuminate\View\Engines\CompilerEngine.php:61
#24 \vendor\facade\ignition\src\Views\Engines\CompilerEngine.php:37
#25 \vendor\laravel\framework\src\Illuminate\View\View.php:139
#26 \vendor\laravel\framework\src\Illuminate\View\View.php:122
#27 \vendor\laravel\framework\src\Illuminate\View\View.php:91
#28 \vendor\laravel\framework\src\Illuminate\Http\Response.php:69
#29 \vendor\laravel\framework\src\Illuminate\Http\Response.php:35
#30 \vendor\laravel\framework\src\Illuminate\Routing\Router.php:791
#31 \vendor\laravel\framework\src\Illuminate\Routing\Router.php:761
#32 \vendor\laravel\framework\src\Illuminate\Routing\Router.php:695
#33 \vendor\laravel\framework\src\Illuminate\Pipeline\Pipeline.php:128
#34 \vendor\laravel\framework\src\Illuminate\Routing\Middleware\SubstituteBindings.php:50
#35 \vendor\laravel\framework\src\Illuminate\Pipeline\Pipeline.php:167
#36 \vendor\laravel\framework\src\Illuminate\Foundation\Http\Middleware\VerifyCsrfToken.php:78
#37 \vendor\laravel\framework\src\Illuminate\Pipeline\Pipeline.php:167
#38 \vendor\laravel\framework\src\Illuminate\Session\Middleware\AuthenticateSession.php:58
#39 \vendor\laravel\framework\src\Illuminate\Pipeline\Pipeline.php:167
#40 \vendor\laravel\framework\src\Illuminate\View\Middleware\ShareErrorsFromSession.php:49
#41 \vendor\laravel\framework\src\Illuminate\Pipeline\Pipeline.php:167
#42 \vendor\laravel\framework\src\Illuminate\Session\Middleware\StartSession.php:121
#43 \vendor\laravel\framework\src\Illuminate\Session\Middleware\StartSession.php:64
#44 \vendor\laravel\framework\src\Illuminate\Pipeline\Pipeline.php:167
#45 \vendor\laravel\framework\src\Illuminate\Cookie\Middleware\AddQueuedCookiesToResponse.php:37
#46 \vendor\laravel\framework\src\Illuminate\Pipeline\Pipeline.php:167
#47 \vendor\laravel\framework\src\Illuminate\Cookie\Middleware\EncryptCookies.php:67
#48 \vendor\laravel\framework\src\Illuminate\Pipeline\Pipeline.php:167
#49 \vendor\laravel\framework\src\Illuminate\Pipeline\Pipeline.php:103
  
