[2021-10-19 13:35:35] local.INFO: Detected N+1 Query  
[2021-10-19 13:35:35] local.INFO: Model: App\Models\Post
Relation: App\Models\User
Num-Called: 2
Call-Stack:
#19 \vendor\spatie\laravel-activitylog\src\Traits\DetectsChanges.php:97
#20 \vendor\spatie\laravel-activitylog\src\Traits\LogsActivity.php:36
#26 \app\Http\Controllers\Admin\PostController.php:79
#27 \vendor\laravel\framework\src\Illuminate\Routing\Controller.php:54
#28 \vendor\laravel\framework\src\Illuminate\Routing\ControllerDispatcher.php:45
#29 \vendor\laravel\framework\src\Illuminate\Routing\Route.php:254
#30 \vendor\laravel\framework\src\Illuminate\Routing\Route.php:197
#31 \vendor\laravel\framework\src\Illuminate\Routing\Router.php:695
#32 \vendor\laravel\framework\src\Illuminate\Pipeline\Pipeline.php:128
#33 \vendor\spatie\laravel-permission\src\Middlewares\PermissionMiddleware.php:24
#34 \vendor\laravel\framework\src\Illuminate\Pipeline\Pipeline.php:167
#35 \vendor\spatie\laravel-permission\src\Middlewares\PermissionMiddleware.php:24
#36 \vendor\laravel\framework\src\Illuminate\Pipeline\Pipeline.php:167
#37 \app\Http\Middleware\IsAdmin.php:20
#38 \vendor\laravel\framework\src\Illuminate\Pipeline\Pipeline.php:167
#39 \vendor\laravel\framework\src\Illuminate\Routing\Middleware\SubstituteBindings.php:50
#40 \vendor\laravel\framework\src\Illuminate\Pipeline\Pipeline.php:167
#41 \vendor\laravel\framework\src\Illuminate\Foundation\Http\Middleware\VerifyCsrfToken.php:78
#42 \vendor\laravel\framework\src\Illuminate\Pipeline\Pipeline.php:167
#43 \vendor\laravel\framework\src\Illuminate\Session\Middleware\AuthenticateSession.php:58
#44 \vendor\laravel\framework\src\Illuminate\Pipeline\Pipeline.php:167
#45 \vendor\laravel\framework\src\Illuminate\View\Middleware\ShareErrorsFromSession.php:49
#46 \vendor\laravel\framework\src\Illuminate\Pipeline\Pipeline.php:167
#47 \vendor\laravel\framework\src\Illuminate\Session\Middleware\StartSession.php:121
#48 \vendor\laravel\framework\src\Illuminate\Session\Middleware\StartSession.php:64
#49 \vendor\laravel\framework\src\Illuminate\Pipeline\Pipeline.php:167
  
[2021-10-19 13:35:35] local.INFO: Model: App\Models\Post
Relation: App\Models\Categories
Num-Called: 2
Call-Stack:
#18 \vendor\spatie\laravel-activitylog\src\Traits\DetectsChanges.php:97
#19 \vendor\spatie\laravel-activitylog\src\Traits\LogsActivity.php:36
#25 \app\Http\Controllers\Admin\PostController.php:79
#26 \vendor\laravel\framework\src\Illuminate\Routing\Controller.php:54
#27 \vendor\laravel\framework\src\Illuminate\Routing\ControllerDispatcher.php:45
#28 \vendor\laravel\framework\src\Illuminate\Routing\Route.php:254
#29 \vendor\laravel\framework\src\Illuminate\Routing\Route.php:197
#30 \vendor\laravel\framework\src\Illuminate\Routing\Router.php:695
#31 \vendor\laravel\framework\src\Illuminate\Pipeline\Pipeline.php:128
#32 \vendor\spatie\laravel-permission\src\Middlewares\PermissionMiddleware.php:24
#33 \vendor\laravel\framework\src\Illuminate\Pipeline\Pipeline.php:167
#34 \vendor\spatie\laravel-permission\src\Middlewares\PermissionMiddleware.php:24
#35 \vendor\laravel\framework\src\Illuminate\Pipeline\Pipeline.php:167
#36 \app\Http\Middleware\IsAdmin.php:20
#37 \vendor\laravel\framework\src\Illuminate\Pipeline\Pipeline.php:167
#38 \vendor\laravel\framework\src\Illuminate\Routing\Middleware\SubstituteBindings.php:50
#39 \vendor\laravel\framework\src\Illuminate\Pipeline\Pipeline.php:167
#40 \vendor\laravel\framework\src\Illuminate\Foundation\Http\Middleware\VerifyCsrfToken.php:78
#41 \vendor\laravel\framework\src\Illuminate\Pipeline\Pipeline.php:167
#42 \vendor\laravel\framework\src\Illuminate\Session\Middleware\AuthenticateSession.php:58
#43 \vendor\laravel\framework\src\Illuminate\Pipeline\Pipeline.php:167
#44 \vendor\laravel\framework\src\Illuminate\View\Middleware\ShareErrorsFromSession.php:49
#45 \vendor\laravel\framework\src\Illuminate\Pipeline\Pipeline.php:167
#46 \vendor\laravel\framework\src\Illuminate\Session\Middleware\StartSession.php:121
#47 \vendor\laravel\framework\src\Illuminate\Session\Middleware\StartSession.php:64
#48 \vendor\laravel\framework\src\Illuminate\Pipeline\Pipeline.php:167
#49 \vendor\laravel\framework\src\Illuminate\Cookie\Middleware\AddQueuedCookiesToResponse.php:37
  
